<?xml version="1.0" encoding="UTF-8"?>
<!-- Generated by org.testng.reporters.JUnitReportReporter -->
<testsuite hostname="SREENU-PC" name="codetheory.interview.sweety.Sweety_Sample_TestScript" tests="6" failures="1" timestamp="13 Jul 2016 21:29:48 GMT" time="120.424" errors="0">
  <testcase name="LoginIntoApp" time="16.502" classname="codetheory.interview.sweety.Sweety_Sample_TestScript"/>
  <testcase name="DeleteAllRecentEntries" time="29.437" classname="codetheory.interview.sweety.Sweety_Sample_TestScript"/>
  <testcase name="Add_Four_LevelValues_PerDay" time="21.868" classname="codetheory.interview.sweety.Sweety_Sample_TestScript"/>
  <testcase name="VerifyMonthlyReportDataForOddValues" time="20.824" classname="codetheory.interview.sweety.Sweety_Sample_TestScript"/>
  <testcase name="VerifyMonthlyReportData" time="20.688" classname="codetheory.interview.sweety.Sweety_Sample_TestScript">
    <failure type="java.lang.AssertionError" message="expected [4.0] but found [5.0]">
      <![CDATA[java.lang.AssertionError: expected [4.0] but found [5.0]
	at org.testng.Assert.fail(Assert.java:94)
	at org.testng.Assert.failNotEquals(Assert.java:513)
	at org.testng.Assert.assertEqualsImpl(Assert.java:135)
	at org.testng.Assert.assertEquals(Assert.java:116)
	at org.testng.Assert.assertEquals(Assert.java:179)
	at codetheory.interview.sweety.Sweety_Sample_TestScript.verifyMontlyReport(Sweety_Sample_TestScript.java:166)
	at codetheory.interview.sweety.Sweety_Sample_TestScript.VerifyMonthlyReportData(Sweety_Sample_TestScript.java:116)
	at sun.reflect.NativeMethodAccessorImpl.invoke0(Native Method)
	at sun.reflect.NativeMethodAccessorImpl.invoke(Unknown Source)
	at sun.reflect.DelegatingMethodAccessorImpl.invoke(Unknown Source)
	at java.lang.reflect.Method.invoke(Unknown Source)
	at org.testng.internal.MethodInvocationHelper.invokeMethod(MethodInvocationHelper.java:86)
	at org.testng.internal.Invoker.invokeMethod(Invoker.java:643)
	at org.testng.internal.Invoker.invokeTestMethod(Invoker.java:820)
	at org.testng.internal.Invoker.invokeTestMethods(Invoker.java:1128)
	at org.testng.internal.TestMethodWorker.invokeTestMethods(TestMethodWorker.java:129)
	at org.testng.internal.TestMethodWorker.run(TestMethodWorker.java:112)
	at org.testng.TestRunner.privateRun(TestRunner.java:782)
	at org.testng.TestRunner.run(TestRunner.java:632)
	at org.testng.SuiteRunner.runTest(SuiteRunner.java:366)
	at org.testng.SuiteRunner.runSequentially(SuiteRunner.java:361)
	at org.testng.SuiteRunner.privateRun(SuiteRunner.java:319)
	at org.testng.SuiteRunner.run(SuiteRunner.java:268)
	at org.testng.SuiteRunnerWorker.runSuite(SuiteRunnerWorker.java:52)
	at org.testng.SuiteRunnerWorker.run(SuiteRunnerWorker.java:86)
	at org.testng.TestNG.runSuitesSequentially(TestNG.java:1244)
	at org.testng.TestNG.runSuitesLocally(TestNG.java:1169)
	at org.testng.TestNG.run(TestNG.java:1064)
	at org.testng.remote.AbstractRemoteTestNG.run(AbstractRemoteTestNG.java:126)
	at org.testng.remote.RemoteTestNG.initAndRun(RemoteTestNG.java:137)
	at org.testng.remote.RemoteTestNG.main(RemoteTestNG.java:58)
]]>
    </failure>
  </testcase> <!-- VerifyMonthlyReportData -->
  <testcase name="Add_LessThanThree_LevelValues_PerDay" time="11.105" classname="codetheory.interview.sweety.Sweety_Sample_TestScript"/>
</testsuite> <!-- codetheory.interview.sweety.Sweety_Sample_TestScript -->
