<?xml version="1.0" encoding="UTF-8"?>
<!-- Generated by org.testng.reporters.JUnitXMLReporter -->
<testsuite hostname="SREENU-PC" name="Report" tests="6" failures="1" timestamp="13 Jul 2016 21:29:47 GMT" time="120.465" errors="0">
  <testcase name="LoginIntoApp" time="16.502" classname="codetheory.interview.sweety.Sweety_Sample_TestScript"/>
  <testcase name="DeleteAllRecentEntries" time="29.437" classname="codetheory.interview.sweety.Sweety_Sample_TestScript"/>
  <testcase name="Add_LessThanThree_LevelValues_PerDay" time="11.105" classname="codetheory.interview.sweety.Sweety_Sample_TestScript"/>
  <testcase name="VerifyMonthlyReportData" time="20.688" classname="codetheory.interview.sweety.Sweety_Sample_TestScript">
    <failure type="java.lang.AssertionError" message="expected [4.0] but found [5.0]">
      <![CDATA[java.lang.AssertionError: expected [4.0] but found [5.0]
	at codetheory.interview.sweety.Sweety_Sample_TestScript.verifyMontlyReport(Sweety_Sample_TestScript.java:166)
	at codetheory.interview.sweety.Sweety_Sample_TestScript.VerifyMonthlyReportData(Sweety_Sample_TestScript.java:116)
... Removed 29 stack frames]]>
    </failure>
  </testcase> <!-- VerifyMonthlyReportData -->
  <testcase name="Add_Four_LevelValues_PerDay" time="21.868" classname="codetheory.interview.sweety.Sweety_Sample_TestScript"/>
  <testcase name="VerifyMonthlyReportDataForOddValues" time="20.824" classname="codetheory.interview.sweety.Sweety_Sample_TestScript"/>
</testsuite> <!-- Report -->
