<?xml version="1.0" encoding="UTF-8"?>
<testng-results skipped="0" failed="1" total="6" passed="5">
  <reporter-output>
  </reporter-output>
  <suite name="Sweety" duration-ms="120465" started-at="2016-07-13T21:27:47Z" finished-at="2016-07-13T21:29:47Z">
    <groups>
    </groups>
    <test name="Report" duration-ms="120465" started-at="2016-07-13T21:27:47Z" finished-at="2016-07-13T21:29:47Z">
      <class name="codetheory.interview.sweety.Sweety_Sample_TestScript">
        <test-method status="PASS" signature="LoginIntoApp(java.lang.String, java.lang.String)[pri:1, instance:codetheory.interview.sweety.Sweety_Sample_TestScript@cad498c]" name="LoginIntoApp" duration-ms="16502" started-at="2016-07-14T02:57:47Z" finished-at="2016-07-14T02:58:03Z">
          <params>
            <param index="0">
              <value>
                <![CDATA[udayv1990@gmail.com]]>
              </value>
            </param>
            <param index="1">
              <value>
                <![CDATA[codetheoryio]]>
              </value>
            </param>
          </params>
          <reporter-output>
          </reporter-output>
        </test-method> <!-- LoginIntoApp -->
        <test-method status="PASS" signature="DeleteAllRecentEntries()[pri:2, instance:codetheory.interview.sweety.Sweety_Sample_TestScript@cad498c]" name="DeleteAllRecentEntries" duration-ms="29437" started-at="2016-07-14T02:58:03Z" finished-at="2016-07-14T02:58:32Z">
          <reporter-output>
          </reporter-output>
        </test-method> <!-- DeleteAllRecentEntries -->
        <test-method status="PASS" signature="Add_LessThanThree_LevelValues_PerDay()[pri:3, instance:codetheory.interview.sweety.Sweety_Sample_TestScript@cad498c]" name="Add_LessThanThree_LevelValues_PerDay" duration-ms="11105" started-at="2016-07-14T02:58:32Z" finished-at="2016-07-14T02:58:44Z">
          <reporter-output>
          </reporter-output>
        </test-method> <!-- Add_LessThanThree_LevelValues_PerDay -->
        <test-method status="FAIL" signature="VerifyMonthlyReportData()[pri:4, instance:codetheory.interview.sweety.Sweety_Sample_TestScript@cad498c]" name="VerifyMonthlyReportData" duration-ms="20688" started-at="2016-07-14T02:58:44Z" finished-at="2016-07-14T02:59:04Z">
          <exception class="java.lang.AssertionError">
            <message>
              <![CDATA[expected [4.0] but found [5.0]]]>
            </message>
            <full-stacktrace>
              <![CDATA[java.lang.AssertionError: expected [4.0] but found [5.0]
	at org.testng.Assert.fail(Assert.java:94)
	at org.testng.Assert.failNotEquals(Assert.java:513)
	at org.testng.Assert.assertEqualsImpl(Assert.java:135)
	at org.testng.Assert.assertEquals(Assert.java:116)
	at org.testng.Assert.assertEquals(Assert.java:179)
	at codetheory.interview.sweety.Sweety_Sample_TestScript.verifyMontlyReport(Sweety_Sample_TestScript.java:166)
	at codetheory.interview.sweety.Sweety_Sample_TestScript.VerifyMonthlyReportData(Sweety_Sample_TestScript.java:116)
	at sun.reflect.NativeMethodAccessorImpl.invoke0(Native Method)
	at sun.reflect.NativeMethodAccessorImpl.invoke(Unknown Source)
	at sun.reflect.DelegatingMethodAccessorImpl.invoke(Unknown Source)
	at java.lang.reflect.Method.invoke(Unknown Source)
	at org.testng.internal.MethodInvocationHelper.invokeMethod(MethodInvocationHelper.java:86)
	at org.testng.internal.Invoker.invokeMethod(Invoker.java:643)
	at org.testng.internal.Invoker.invokeTestMethod(Invoker.java:820)
	at org.testng.internal.Invoker.invokeTestMethods(Invoker.java:1128)
	at org.testng.internal.TestMethodWorker.invokeTestMethods(TestMethodWorker.java:129)
	at org.testng.internal.TestMethodWorker.run(TestMethodWorker.java:112)
	at org.testng.TestRunner.privateRun(TestRunner.java:782)
	at org.testng.TestRunner.run(TestRunner.java:632)
	at org.testng.SuiteRunner.runTest(SuiteRunner.java:366)
	at org.testng.SuiteRunner.runSequentially(SuiteRunner.java:361)
	at org.testng.SuiteRunner.privateRun(SuiteRunner.java:319)
	at org.testng.SuiteRunner.run(SuiteRunner.java:268)
	at org.testng.SuiteRunnerWorker.runSuite(SuiteRunnerWorker.java:52)
	at org.testng.SuiteRunnerWorker.run(SuiteRunnerWorker.java:86)
	at org.testng.TestNG.runSuitesSequentially(TestNG.java:1244)
	at org.testng.TestNG.runSuitesLocally(TestNG.java:1169)
	at org.testng.TestNG.run(TestNG.java:1064)
	at org.testng.remote.AbstractRemoteTestNG.run(AbstractRemoteTestNG.java:126)
	at org.testng.remote.RemoteTestNG.initAndRun(RemoteTestNG.java:137)
	at org.testng.remote.RemoteTestNG.main(RemoteTestNG.java:58)
]]>
            </full-stacktrace>
          </exception> <!-- java.lang.AssertionError -->
          <reporter-output>
          </reporter-output>
        </test-method> <!-- VerifyMonthlyReportData -->
        <test-method status="PASS" signature="Add_Four_LevelValues_PerDay()[pri:5, instance:codetheory.interview.sweety.Sweety_Sample_TestScript@cad498c]" name="Add_Four_LevelValues_PerDay" duration-ms="21868" started-at="2016-07-14T02:59:04Z" finished-at="2016-07-14T02:59:26Z">
          <reporter-output>
          </reporter-output>
        </test-method> <!-- Add_Four_LevelValues_PerDay -->
        <test-method status="PASS" signature="VerifyMonthlyReportDataForOddValues()[pri:6, instance:codetheory.interview.sweety.Sweety_Sample_TestScript@cad498c]" name="VerifyMonthlyReportDataForOddValues" duration-ms="20824" started-at="2016-07-14T02:59:26Z" finished-at="2016-07-14T02:59:47Z">
          <reporter-output>
          </reporter-output>
        </test-method> <!-- VerifyMonthlyReportDataForOddValues -->
      </class> <!-- codetheory.interview.sweety.Sweety_Sample_TestScript -->
    </test> <!-- Report -->
  </suite> <!-- Sweety -->
</testng-results>
